This is XeTeX, Version 3.1415926-2.5-0.9999.3 (MiKTeX 2.9 64-bit) (preloaded format=xelatex 2014.9.8)  16 OCT 2014 12:06
entering extended mode
**D:/LDVSoft/SPbAU/MathAnalysis/theory/theory.tex
(D:/LDVSoft/SPbAU/MathAnalysis/theory/theory.tex
LaTeX2e <2011/06/27>
Babel <v3.8m> and hyphenation patterns for english, afrikaans, ancientgreek, ar
abic, armenian, assamese, basque, bengali, bokmal, bulgarian, catalan, coptic, 
croatian, czech, danish, dutch, esperanto, estonian, farsi, finnish, french, ga
lician, german, german-x-2013-05-26, greek, gujarati, hindi, hungarian, iceland
ic, indonesian, interlingua, irish, italian, kannada, kurmanji, latin, latvian,
 lithuanian, malayalam, marathi, mongolian, mongolianlmc, monogreek, ngerman, n
german-x-2013-05-26, nynorsk, oriya, panjabi, pinyin, polish, portuguese, roman
ian, russian, sanskrit, serbian, slovak, slovenian, spanish, swedish, swissgerm
an, tamil, telugu, turkish, turkmen, ukenglish, ukrainian, uppersorbian, usengl
ishmax, welsh, loaded.
("C:\Program Files\MiKTeX 2.9\tex\latex\base\book.cls"
Document Class: book 2007/10/19 v1.4h Standard LaTeX document class
("C:\Program Files\MiKTeX 2.9\tex\latex\base\bk12.clo"
File: bk12.clo 2007/10/19 v1.4h Standard LaTeX file (size option)
)
\c@part=\count80
\c@chapter=\count81
\c@section=\count82
\c@subsection=\count83
\c@subsubsection=\count84
\c@paragraph=\count85
\c@subparagraph=\count86
\c@figure=\count87
\c@table=\count88
\abovecaptionskip=\skip41
\belowcaptionskip=\skip42
\bibindent=\dimen102
)
(C:\Users\LDVSOFT\AppData\Roaming\MiKTeX\2.9\tex\latex\polyglossia\polyglossia.
sty
Package: polyglossia 2014/05/21 v1.33.5 Babel replacement for XeLaTeX and LuaTe
X

(C:\Users\LDVSOFT\AppData\Roaming\MiKTeX\2.9\tex\latex\etoolbox\etoolbox.sty
Package: etoolbox 2011/01/03 v2.1 e-TeX tools for LaTeX

("C:\Program Files\MiKTeX 2.9\tex\latex\misc\etex.sty"
Package: etex 1998/03/26 v2.0 eTeX basic definition package (PEB)
\et@xins=\count89
)
\etb@tempcnta=\count90
)
(C:\Users\LDVSOFT\AppData\Roaming\MiKTeX\2.9\tex\latex\makecmds\makecmds.sty
Package: makecmds 2009/09/03 v1.0a extra command making commands
)
("C:\Program Files\MiKTeX 2.9\tex\latex\xkeyval\xkeyval.sty"
Package: xkeyval 2014/05/25 v2.7 package option processing (HA)

("C:\Program Files\MiKTeX 2.9\tex\generic\xkeyval\xkeyval.tex"
("C:\Program Files\MiKTeX 2.9\tex\generic\xkeyval\xkvutils.tex"
\XKV@toks=\toks14
\XKV@tempa@toks=\toks15

("C:\Program Files\MiKTeX 2.9\tex\generic\xkeyval\keyval.tex"))
\XKV@depth=\count91
File: xkeyval.tex 2014/05/25 v2.7 key=value parser (HA)
))
("C:\Program Files\MiKTeX 2.9\tex\latex\fontspec\fontspec.sty"
Package: fontspec 2014/06/21 v2.4a Font selection for XeLaTeX and LuaLaTeX

("C:\Program Files\MiKTeX 2.9\tex\latex\l3kernel\expl3.sty"
Package: expl3 2014/08/25 v5378 L3 programming layer (loader) 

("C:\Program Files\MiKTeX 2.9\tex\latex\l3kernel\expl3-code.tex"
Package: expl3 2014/08/25 v5378 L3 programming layer (code) 
L3 Module: l3bootstrap 2014/08/23 v5354 L3 Bootstrap code
L3 Module: l3names 2014/08/22 v5343 L3 Namespace for primitives
L3 Module: l3basics 2014/08/24 v5364 L3 Basic definitions
L3 Module: l3expan 2014/08/22 v5349 L3 Argument expansion
L3 Module: l3tl 2014/08/24 v5359 L3 Token lists
L3 Module: l3str 2014/08/24 v5368 L3 Strings
L3 Module: l3seq 2014/08/23 v5354 L3 Sequences and stacks
L3 Module: l3int 2014/08/25 v5372 L3 Integers
\c_max_int=\count92
\l_tmpa_int=\count93
\l_tmpb_int=\count94
\g_tmpa_int=\count95
\g_tmpb_int=\count96
L3 Module: l3quark 2014/08/23 v5354 L3 Quarks
L3 Module: l3prg 2014/08/23 v5354 L3 Control structures
\g__prg_map_int=\count97
L3 Module: l3clist 2014/08/23 v5354 L3 Comma separated lists
L3 Module: l3token 2014/08/23 v5354 L3 Experimental token manipulation
L3 Module: l3prop 2014/08/23 v5354 L3 Property lists
L3 Module: l3msg 2014/08/24 v5358 L3 Messages
L3 Module: l3file 2014/08/24 v5369 L3 File and I/O operations
\l_iow_line_count_int=\count98
\l__iow_target_count_int=\count99
\l__iow_current_line_int=\count100
\l__iow_current_word_int=\count101
\l__iow_current_indentation_int=\count102
L3 Module: l3skip 2014/08/23 v5354 L3 Dimensions and skips
\c_zero_dim=\dimen103
\c_max_dim=\dimen104
\l_tmpa_dim=\dimen105
\l_tmpb_dim=\dimen106
\g_tmpa_dim=\dimen107
\g_tmpb_dim=\dimen108
\c_zero_skip=\skip43
\c_max_skip=\skip44
\l_tmpa_skip=\skip45
\l_tmpb_skip=\skip46
\g_tmpa_skip=\skip47
\g_tmpb_skip=\skip48
\c_zero_muskip=\muskip10
\c_max_muskip=\muskip11
\l_tmpa_muskip=\muskip12
\l_tmpb_muskip=\muskip13
\g_tmpa_muskip=\muskip14
\g_tmpb_muskip=\muskip15
L3 Module: l3keys 2014/08/23 v5354 L3 Key-value interfaces
\g__keyval_level_int=\count103
\l_keys_choice_int=\count104
L3 Module: l3fp 2014/08/22 v5336 L3 Floating points
\c__fp_leading_shift_int=\count105
\c__fp_middle_shift_int=\count106
\c__fp_trailing_shift_int=\count107
\c__fp_big_leading_shift_int=\count108
\c__fp_big_middle_shift_int=\count109
\c__fp_big_trailing_shift_int=\count110
\c__fp_Bigg_leading_shift_int=\count111
\c__fp_Bigg_middle_shift_int=\count112
\c__fp_Bigg_trailing_shift_int=\count113
L3 Module: l3box 2014/08/23 v5354 L3 Experimental boxes
\c_empty_box=\box26
\l_tmpa_box=\box27
\l_tmpb_box=\box28
\g_tmpa_box=\box29
\g_tmpb_box=\box30
L3 Module: l3coffins 2014/08/23 v5354 L3 Coffin code layer
\l__coffin_internal_box=\box31
\l__coffin_internal_dim=\dimen109
\l__coffin_offset_x_dim=\dimen110
\l__coffin_offset_y_dim=\dimen111
\l__coffin_x_dim=\dimen112
\l__coffin_y_dim=\dimen113
\l__coffin_x_prime_dim=\dimen114
\l__coffin_y_prime_dim=\dimen115
\c_empty_coffin=\box32
\l__coffin_aligned_coffin=\box33
\l__coffin_aligned_internal_coffin=\box34
\l_tmpa_coffin=\box35
\l_tmpb_coffin=\box36
\l__coffin_display_coffin=\box37
\l__coffin_display_coord_coffin=\box38
\l__coffin_display_pole_coffin=\box39
\l__coffin_display_offset_dim=\dimen116
\l__coffin_display_x_dim=\dimen117
\l__coffin_display_y_dim=\dimen118
L3 Module: l3color 2014/08/23 v5354 L3 Experimental color support
L3 Module: l3candidates 2014/08/24 v5366 L3 Experimental additions to l3kernel
\l__box_top_dim=\dimen119
\l__box_bottom_dim=\dimen120
\l__box_left_dim=\dimen121
\l__box_right_dim=\dimen122
\l__box_top_new_dim=\dimen123
\l__box_bottom_new_dim=\dimen124
\l__box_left_new_dim=\dimen125
\l__box_right_new_dim=\dimen126
\l__box_internal_box=\box40
\l__coffin_bounding_shift_dim=\dimen127
\l__coffin_left_corner_dim=\dimen128
\l__coffin_right_corner_dim=\dimen129
\l__coffin_bottom_corner_dim=\dimen130
\l__coffin_top_corner_dim=\dimen131
\l__coffin_scaled_total_height_dim=\dimen132
\l__coffin_scaled_width_dim=\dimen133
)
("C:\Program Files\MiKTeX 2.9\tex\latex\l3kernel\l3unicode-data.def"
File: l3unicode-data.def 2014/08/12 v5276 L3 Unicode data
)
("C:\Program Files\MiKTeX 2.9\tex\latex\l3kernel\l3xdvipdfmx.def"
File: l3xdvidpfmx.def 2014/08/24 v5366 L3 Experimental driver: xdvipdfmx
))
("C:\Program Files\MiKTeX 2.9\tex\latex\l3packages\xparse\xparse.sty"
Package: xparse 2014/08/25 v5378 L3 Experimental document command parser
\l__xparse_current_arg_int=\count114
\l__xparse_m_args_int=\count115
\l__xparse_mandatory_args_int=\count116
\l__xparse_processor_int=\count117
\l__xparse_v_nesting_int=\count118
)
\l_fontspec_script_int=\count119
\l_fontspec_language_int=\count120
\l_fontspec_strnum_int=\count121
\l__fontspec_tmpa_dim=\dimen134
\l__fontspec_tmpb_dim=\dimen135
\l__fontspec_tmpc_dim=\dimen136
Variant \tl_gset:cV already defined; not changing it on line 71

("C:\Program Files\MiKTeX 2.9\tex\latex\fontspec\fontspec-patches.sty"
Package: fontspec-patches 2014/06/21 v2.4a Font selection for XeLaTeX and LuaLa
TeX
LaTeX Info: Redefining \em on input line 38.
LaTeX Info: Redefining \emph on input line 46.
LaTeX Info: Redefining \- on input line 49.
.................................................
. LaTeX info: "xparse/redefine-command"
. 
. Redefining command \oldstylenums with sig. 'm' on line 144.
.................................................
.................................................
. LaTeX info: "xparse/define-command"
. 
. Defining command \liningnums with sig. 'm' on line 148.
.................................................
)
("C:\Program Files\MiKTeX 2.9\tex\latex\fontspec\fontspec-xetex.sty"
Package: fontspec-xetex 2014/06/21 v2.4a Font selection for XeLaTeX and LuaLaTe
X

("C:\Program Files\MiKTeX 2.9\tex\latex\base\fontenc.sty"
Package: fontenc 2005/09/27 v1.99g Standard LaTeX package

("C:\Program Files\MiKTeX 2.9\tex\latex\euenc\eu1enc.def"
File: eu1enc.def 2010/05/27 v0.1h Experimental Unicode font encodings
)
LaTeX Font Info:    Try loading font information for EU1+lmr on input line 100.


("C:\Program Files\MiKTeX 2.9\tex\latex\euenc\eu1lmr.fd"
File: eu1lmr.fd 2009/10/30 v1.6 Font defs for Latin Modern
))
("C:\Program Files\MiKTeX 2.9\tex\xelatex\xunicode\xunicode.sty"
File: xunicode.sty 2011/09/09 v0.981 provides access to latin accents and many 
other characters in Unicode lower plane

("C:\Program Files\MiKTeX 2.9\tex\latex\tipa\t3enc.def"
File: t3enc.def 2001/12/31 T3 encoding
LaTeX Font Info:    Try loading font information for EU1+lmss on input line 357
.

("C:\Program Files\MiKTeX 2.9\tex\latex\euenc\eu1lmss.fd"
File: eu1lmss.fd 2009/10/30 v1.6 Font defs for Latin Modern
))
\tipaTiiicode=\count122
\tipasavetokens=\toks16
\tipachecktokens=\toks17

("C:\Program Files\MiKTeX 2.9\tex\latex\graphics\graphicx.sty"
Package: graphicx 2014/04/25 v1.0g Enhanced LaTeX Graphics (DPC,SPQR)

("C:\Program Files\MiKTeX 2.9\tex\latex\graphics\graphics.sty"
Package: graphics 2009/02/05 v1.0o Standard LaTeX Graphics (DPC,SPQR)

("C:\Program Files\MiKTeX 2.9\tex\latex\graphics\trig.sty"
Package: trig 1999/03/16 v1.09 sin cos tan (DPC)
)
("C:\Program Files\MiKTeX 2.9\tex\latex\00miktex\graphics.cfg"
File: graphics.cfg 2007/01/18 v1.5 graphics configuration of teTeX/TeXLive
)
Package graphics Info: Driver file: xetex.def on input line 91.

("C:\Program Files\MiKTeX 2.9\tex\xelatex\xetex-def\xetex.def"
File: xetex.def 2014/07/25 v4.03 LaTeX color/graphics driver for XeTeX (RRM/JK)

))
\Gin@req@height=\dimen137
\Gin@req@width=\dimen138
))
.................................................
. LaTeX info: "xparse/define-command"
. 
. Defining command \fontspec with sig. 'O{}mO{}' on line 41.
.................................................
.................................................
. LaTeX info: "xparse/define-command"
. 
. Defining command \setmainfont with sig. 'O{}mO{}' on line 47.
.................................................
.................................................
. LaTeX info: "xparse/define-command"
. 
. Defining command \setsansfont with sig. 'O{}mO{}' on line 53.
.................................................
.................................................
. LaTeX info: "xparse/define-command"
. 
. Defining command \setmonofont with sig. 'O{}mO{}' on line 59.
.................................................
.................................................
. LaTeX info: "xparse/define-command"
. 
. Defining command \setmathrm with sig. 'O{}mO{}' on line 68.
.................................................
.................................................
. LaTeX info: "xparse/define-command"
. 
. Defining command \setboldmathrm with sig. 'O{}mO{}' on line 72.
.................................................
.................................................
. LaTeX info: "xparse/define-command"
. 
. Defining command \setmathsf with sig. 'O{}mO{}' on line 76.
.................................................
.................................................
. LaTeX info: "xparse/define-command"
. 
. Defining command \setmathtt with sig. 'O{}mO{}' on line 80.
.................................................
.................................................
. LaTeX info: "xparse/define-command"
. 
. Defining command \newfontfamily with sig. 'mO{}mO{}' on line 99.
.................................................
.................................................
. LaTeX info: "xparse/define-command"
. 
. Defining command \newfontface with sig. 'mO{}mO{}' on line 103.
.................................................
.................................................
. LaTeX info: "xparse/define-command"
. 
. Defining command \defaultfontfeatures with sig. 't+om' on line 112.
.................................................
.................................................
. LaTeX info: "xparse/define-command"
. 
. Defining command \addfontfeatures with sig. 'm' on line 170.
.................................................
.................................................
. LaTeX info: "xparse/define-command"
. 
. Defining command \newfontfeature with sig. 'mm' on line 181.
.................................................
.................................................
. LaTeX info: "xparse/define-command"
. 
. Defining command \newAATfeature with sig. 'mmmm' on line 189.
.................................................
.................................................
. LaTeX info: "xparse/define-command"
. 
. Defining command \newopentypefeature with sig. 'mmm' on line 197.
.................................................
.................................................
. LaTeX info: "xparse/define-command"
. 
. Defining command \aliasfontfeature with sig. 'mm' on line 226.
.................................................
.................................................
. LaTeX info: "xparse/define-command"
. 
. Defining command \aliasfontfeatureoption with sig. 'mmm' on line 228.
.................................................
.................................................
. LaTeX info: "xparse/define-command"
. 
. Defining command \newfontscript with sig. 'mm' on line 233.
.................................................
.................................................
. LaTeX info: "xparse/define-command"
. 
. Defining command \newfontlanguage with sig. 'mm' on line 259.
.................................................
.................................................
. LaTeX info: "xparse/define-command"
. 
. Defining command \DeclareFontsExtensions with sig. 'm' on line 279.
.................................................
Variant \prop_gput:cnV already defined; not changing it on line 662
Variant \prop_gput:cnx already defined; not changing it on line 663
\l__fontspec_tmp_int=\count123
LaTeX Info: Redefining \itshape on input line 2193.
LaTeX Info: Redefining \slshape on input line 2198.
LaTeX Info: Redefining \scshape on input line 2203.
LaTeX Info: Redefining \upshape on input line 2208.

("C:\Program Files\MiKTeX 2.9\tex\latex\fontspec\fontspec.cfg")))
("C:\Program Files\MiKTeX 2.9\tex\generic\oberdiek\ifluatex.sty"
Package: ifluatex 2010/03/01 v1.3 Provides the ifluatex switch (HO)
Package ifluatex Info: LuaTeX not detected.
)
("C:\Program Files\MiKTeX 2.9\tex\generic\ifxetex\ifxetex.sty"
Package: ifxetex 2010/09/12 v0.6 Provides ifxetex conditional
)
\xpg@normalclass=\XeTeXintercharclass4
)
("C:\Program Files\MiKTeX 2.9\tex\latex\amsmath\amsmath.sty"
Package: amsmath 2013/01/14 v2.14 AMS math features
\@mathmargin=\skip49

For additional information on amsmath, use the `?' option.
("C:\Program Files\MiKTeX 2.9\tex\latex\amsmath\amstext.sty"
Package: amstext 2000/06/29 v2.01

("C:\Program Files\MiKTeX 2.9\tex\latex\amsmath\amsgen.sty"
File: amsgen.sty 1999/11/30 v2.0
\@emptytoks=\toks18
\ex@=\dimen139
))
("C:\Program Files\MiKTeX 2.9\tex\latex\amsmath\amsbsy.sty"
Package: amsbsy 1999/11/29 v1.2d
\pmbraise@=\dimen140
)
("C:\Program Files\MiKTeX 2.9\tex\latex\amsmath\amsopn.sty"
Package: amsopn 1999/12/14 v2.01 operator names
)
\inf@bad=\count124
LaTeX Info: Redefining \frac on input line 210.
\uproot@=\count125
\leftroot@=\count126
LaTeX Info: Redefining \overline on input line 306.
\classnum@=\count127
\DOTSCASE@=\count128
LaTeX Info: Redefining \ldots on input line 378.
LaTeX Info: Redefining \dots on input line 381.
LaTeX Info: Redefining \cdots on input line 466.
\Mathstrutbox@=\box41
\strutbox@=\box42
\big@size=\dimen141
LaTeX Font Info:    Redeclaring font encoding OML on input line 566.
LaTeX Font Info:    Redeclaring font encoding OMS on input line 567.
\macc@depth=\count129
\c@MaxMatrixCols=\count130
\dotsspace@=\muskip16
\c@parentequation=\count131
\dspbrk@lvl=\count132
\tag@help=\toks19
\row@=\count133
\column@=\count134
\maxfields@=\count135
\andhelp@=\toks20
\eqnshift@=\dimen142
\alignsep@=\dimen143
\tagshift@=\dimen144
\tagwidth@=\dimen145
\totwidth@=\dimen146
\lineht@=\dimen147
\@envbody=\toks21
\multlinegap=\skip50
\multlinetaggap=\skip51
\mathdisplay@stack=\toks22
LaTeX Info: Redefining \[ on input line 2665.
LaTeX Info: Redefining \] on input line 2666.
)
("C:\Program Files\MiKTeX 2.9\tex\latex\amsfonts\amssymb.sty"
Package: amssymb 2013/01/14 v3.01 AMS font symbols

("C:\Program Files\MiKTeX 2.9\tex\latex\amsfonts\amsfonts.sty"
Package: amsfonts 2013/01/14 v3.01 Basic AMSFonts support
\symAMSa=\mathgroup4
\symAMSb=\mathgroup5
LaTeX Font Info:    Overwriting math alphabet `\mathfrak' in version `bold'
(Font)                  U/euf/m/n --> U/euf/b/n on input line 106.
))
("C:\Program Files\MiKTeX 2.9\tex\latex\graphics\color.sty"
Package: color 2014/04/23 v1.1a Standard LaTeX Color (DPC)

("C:\Program Files\MiKTeX 2.9\tex\latex\00miktex\color.cfg"
File: color.cfg 2007/01/18 v1.5 color configuration of teTeX/TeXLive
)
Package color Info: Driver file: xetex.def on input line 137.
)
("C:\Program Files\MiKTeX 2.9\tex\latex\hyperref\hyperref.sty"
Package: hyperref 2012/11/06 v6.83m Hypertext links for LaTeX

("C:\Program Files\MiKTeX 2.9\tex\generic\oberdiek\hobsub-hyperref.sty"
Package: hobsub-hyperref 2012/04/25 v1.12 Bundle oberdiek, subset hyperref (HO)


("C:\Program Files\MiKTeX 2.9\tex\generic\oberdiek\hobsub-generic.sty"
Package: hobsub-generic 2012/04/25 v1.12 Bundle oberdiek, subset generic (HO)
Package: hobsub 2012/04/25 v1.12 Construct package bundles (HO)
Package: infwarerr 2010/04/08 v1.3 Providing info/warning/error messages (HO)
Package: ltxcmds 2011/11/09 v1.22 LaTeX kernel commands for general use (HO)
Package hobsub Info: Skipping package `ifluatex' (already loaded).
Package: ifvtex 2010/03/01 v1.5 Detect VTeX and its facilities (HO)
Package ifvtex Info: VTeX not detected.
Package: intcalc 2007/09/27 v1.1 Expandable calculations with integers (HO)
Package: ifpdf 2011/01/30 v2.3 Provides the ifpdf switch (HO)
Package ifpdf Info: pdfTeX in PDF mode is not detected.
Package: etexcmds 2011/02/16 v1.5 Avoid name clashes with e-TeX commands (HO)
Package etexcmds Info: Could not find \expanded.
(etexcmds)             That can mean that you are not using pdfTeX 1.50 or
(etexcmds)             that some package has redefined \expanded.
(etexcmds)             In the latter case, load this package earlier.
Package: kvsetkeys 2012/04/25 v1.16 Key value parser (HO)
Package: kvdefinekeys 2011/04/07 v1.3 Define keys (HO)
Package: pdftexcmds 2011/11/29 v0.20 Utility functions of pdfTeX for LuaTeX (HO
)
Package pdftexcmds Info: LuaTeX not detected.
Package pdftexcmds Info: pdfTeX >= 1.30 not detected.
Package pdftexcmds Info: \pdf@primitive is available.
Package pdftexcmds Info: \pdf@ifprimitive is available.
Package pdftexcmds Info: \pdfdraftmode not found.
Package: pdfescape 2011/11/25 v1.13 Implements pdfTeX's escape features (HO)
Package: bigintcalc 2012/04/08 v1.3 Expandable calculations on big integers (HO
)
Package: bitset 2011/01/30 v1.1 Handle bit-vector datatype (HO)
Package: uniquecounter 2011/01/30 v1.2 Provide unlimited unique counter (HO)
)
Package hobsub Info: Skipping package `hobsub' (already loaded).
Package: letltxmacro 2010/09/02 v1.4 Let assignment for LaTeX macros (HO)
Package: hopatch 2011/06/24 v1.1 Wrapper for package hooks (HO)
Package: xcolor-patch 2011/01/30 xcolor patch
Package: atveryend 2011/06/30 v1.8 Hooks at the very end of document (HO)
Package: atbegshi 2011/10/05 v1.16 At begin shipout hook (HO)
Package: refcount 2011/10/16 v3.4 Data extraction from label references (HO)
Package: hycolor 2011/01/30 v1.7 Color options for hyperref/bookmark (HO)
)
("C:\Program Files\MiKTeX 2.9\tex\latex\oberdiek\auxhook.sty"
Package: auxhook 2011/03/04 v1.3 Hooks for auxiliary files (HO)
)
("C:\Program Files\MiKTeX 2.9\tex\latex\oberdiek\kvoptions.sty"
Package: kvoptions 2011/06/30 v3.11 Key value format for package options (HO)
)
\@linkdim=\dimen148
\Hy@linkcounter=\count136
\Hy@pagecounter=\count137

("C:\Program Files\MiKTeX 2.9\tex\latex\hyperref\pd1enc.def"
File: pd1enc.def 2012/11/06 v6.83m Hyperref: PDFDocEncoding definition (HO)
)
\Hy@SavedSpaceFactor=\count138

("C:\Program Files\MiKTeX 2.9\tex\latex\00miktex\hyperref.cfg"
File: hyperref.cfg 2002/06/06 v1.2 hyperref configuration of TeXLive
)
Package hyperref Info: Option `unicode' set `true' on input line 4319.

("C:\Program Files\MiKTeX 2.9\tex\latex\hyperref\puenc.def"
File: puenc.def 2012/11/06 v6.83m Hyperref: PDF Unicode definition (HO)
)
Package hyperref Info: Hyper figures OFF on input line 4443.
Package hyperref Info: Link nesting OFF on input line 4448.
Package hyperref Info: Hyper index ON on input line 4451.
Package hyperref Info: Plain pages OFF on input line 4458.
Package hyperref Info: Backreferencing OFF on input line 4463.
Package hyperref Info: Implicit mode ON; LaTeX internals redefined.
Package hyperref Info: Bookmarks ON on input line 4688.
\c@Hy@tempcnt=\count139

("C:\Program Files\MiKTeX 2.9\tex\latex\url\url.sty"
\Urlmuskip=\muskip17
Package: url 2013/09/16  ver 3.4  Verb mode for urls, etc.
)
LaTeX Info: Redefining \url on input line 5041.
\XeTeXLinkMargin=\dimen149
\Fld@menulength=\count140
\Field@Width=\dimen150
\Fld@charsize=\dimen151
Package hyperref Info: Hyper figures OFF on input line 6295.
Package hyperref Info: Link nesting OFF on input line 6300.
Package hyperref Info: Hyper index ON on input line 6303.
Package hyperref Info: backreferencing OFF on input line 6310.
Package hyperref Info: Link coloring OFF on input line 6315.
Package hyperref Info: Link coloring with OCG OFF on input line 6320.
Package hyperref Info: PDF/A mode OFF on input line 6325.
LaTeX Info: Redefining \ref on input line 6365.
LaTeX Info: Redefining \pageref on input line 6369.
\Hy@abspage=\count141
\c@Item=\count142
\c@Hfootnote=\count143
)

Package hyperref Message: Driver (autodetected): hxetex.

("C:\Program Files\MiKTeX 2.9\tex\latex\hyperref\hxetex.def"
File: hxetex.def 2012/11/06 v6.83m Hyperref driver for XeTeX

("C:\Program Files\MiKTeX 2.9\tex\generic\oberdiek\stringenc.sty"
Package: stringenc 2011/12/02 v1.10 Convert strings between diff. encodings (HO
)
)
\pdfm@box=\box43
\c@Hy@AnnotLevel=\count144
\HyField@AnnotCount=\count145
\Fld@listcount=\count146
\c@bookmark@seq@number=\count147

("C:\Program Files\MiKTeX 2.9\tex\latex\oberdiek\rerunfilecheck.sty"
Package: rerunfilecheck 2011/04/15 v1.7 Rerun checks for auxiliary files (HO)
Package rerunfilecheck Info: Feature \pdfmdfivesum is not available
(rerunfilecheck)             (e.g. pdfTeX or LuaTeX with package `pdftexcmds').

(rerunfilecheck)             Therefore file contents cannot be checked efficien
tly
(rerunfilecheck)             and the loading of the package is aborted.
)
\Hy@SectionHShift=\skip52
)
("C:\Program Files\MiKTeX 2.9\tex\latex\minted\minted.sty"
Package: minted 2013/12/21 v2.0-alpha3 

("C:\Program Files\MiKTeX 2.9\tex\latex\fancyvrb\fancyvrb.sty"
Package: fancyvrb 2008/02/07

Style option: `fancyvrb' v2.7a, with DG/SPQR fixes, and firstline=lastline fix 
<2008/02/07> (tvz)
\FV@CodeLineNo=\count148
\FV@InFile=\read1
\FV@TabBox=\box44
\c@FancyVerbLine=\count149
\FV@StepNumber=\count150
\FV@OutFile=\write3
) ("C:\Program Files\MiKTeX 2.9\tex\latex\float\float.sty"
Package: float 2001/11/08 v1.3d Float enhancements (AL)
\c@float@type=\count151
\float@exts=\toks23
\float@box=\box45
\@float@everytoks=\toks24
\@floatcapt=\box46
)
("C:\Program Files\MiKTeX 2.9\tex\latex\base\ifthen.sty"
Package: ifthen 2001/05/26 v1.1c Standard LaTeX ifthen package (DPC)
)
("C:\Program Files\MiKTeX 2.9\tex\latex\tools\calc.sty"
Package: calc 2007/08/22 v4.3 Infix arithmetic (KKT,FJ)
\calc@Acount=\count152
\calc@Bcount=\count153
\calc@Adimen=\dimen152
\calc@Bdimen=\dimen153
\calc@Askip=\skip53
\calc@Bskip=\skip54
LaTeX Info: Redefining \setlength on input line 75.
LaTeX Info: Redefining \addtolength on input line 76.
\calc@Ccount=\count154
\calc@Cskip=\skip55
)
("C:\Program Files\MiKTeX 2.9\tex\latex\ifplatform\ifplatform.sty"
Package: ifplatform 2010/10/22 v0.4 Testing for the operating system

("C:\Program Files\MiKTeX 2.9\tex\generic\oberdiek\catchfile.sty"
Package: catchfile 2011/03/01 v1.6 Catch the contents of a file (HO)
))
(C:\Users\LDVSOFT\AppData\Roaming\MiKTeX\2.9\tex\latex\xstring\xstring.sty
(C:\Users\LDVSOFT\AppData\Roaming\MiKTeX\2.9\tex\generic\xstring\xstring.tex
\@xs@message=\write4
\integerpart=\count155
\decimalpart=\count156
)
Package: xstring 2013/10/13  v1.7c  String manipulations (C Tellechea)
)
(C:\Users\LDVSOFT\AppData\Roaming\MiKTeX\2.9\tex\latex\lineno\lineno.sty
Package: lineno 2005/11/02 line numbers on paragraphs v4.41
Invalid UTF-8 byte or sequence at line 296 replaced by U+FFFD.
\linenopenalty=\count157
\output=\toks25
\linenoprevgraf=\count158
\linenumbersep=\dimen154
\linenumberwidth=\dimen155
\c@linenumber=\count159
\c@pagewiselinenumber=\count160
\c@LN@truepage=\count161
\c@internallinenumber=\count162
\c@internallinenumbers=\count163
\quotelinenumbersep=\dimen156
\bframerule=\dimen157
\bframesep=\dimen158
\bframebox=\box47
LaTeX Info: Redefining \\ on input line 3056.
)
\minted@appexistsfile=\read2
\FV@BreakIndent=\dimen159
\FV@BreakSymbolSep=\dimen160
\FV@BreakSymbolIndent=\dimen161
LaTeX Font Info:    Try loading font information for EU1+lmtt on input line 546
.

("C:\Program Files\MiKTeX 2.9\tex\latex\euenc\eu1lmtt.fd"
File: eu1lmtt.fd 2009/10/30 v1.6 Font defs for Latin Modern
)
\FV@LineBox=\box48
\FV@IndentBox=\box49
\FV@LinenoBox=\box50
\minted@bgbox=\box51
\minted@code=\write5
\c@minted@FancyVerbLineTemp=\count164
\@float@every@listing=\toks26
\c@listing=\count165
)
runsystem(for ^%i in (pygmentize.exe pygmentize.bat pygmentize.cmd) do set >the
ory.aex <nul: /p x=^%~$PATH:i>>theory.aex)...executed.

runsystem(del "theory.aex")...executed.


file deleted
runsystem(pygmentize -S default -f latex -P commandprefix=PYGdefault > "theory.
out.pyg")...executed.

(D:\LDVSoft\SPbAU\MathAnalysis\theory\theory.out.pyg)
(C:\Users\LDVSOFT\AppData\Roaming\MiKTeX\2.9\tex\latex\unicode-math\unicode-mat
h.sty
Package: unicode-math 2014/06/30 v0.7f Unicode maths in XeLaTeX and LuaLaTeX
 ("C:\Program Files\MiKTeX 2.9\tex\latex\l3packages\l3keys2e\l3keys2e.sty"
Package: l3keys2e 2014/08/25 v5378 LaTeX2e option processing using LaTeX3 keys
) ("C:\Program Files\MiKTeX 2.9\tex\latex\base\fix-cm.sty"
Package: fix-cm 2014/08/30 v1.1s fixes to LaTeX

("C:\Program Files\MiKTeX 2.9\tex\latex\base\ts1enc.def"
File: ts1enc.def 2001/06/05 v3.0e (jk/car/fm) Standard LaTeX file
))
(C:\Users\LDVSOFT\AppData\Roaming\MiKTeX\2.9\tex\latex\filehook\filehook.sty
Package: filehook 2011/10/12 v0.5d Hooks for input files
)
Variant \tl_put_right:cx already defined; not changing it on line 67
Variant \seq_if_in:NVTF already defined; not changing it on line 68
\g_um_fam_int=\count166
.................................................
. LaTeX info: "xparse/define-command"
. 
. Defining command \unimathsetup with sig. 'm' on line 156.
.................................................

(C:\Users\LDVSOFT\AppData\Roaming\MiKTeX\2.9\tex\latex\unicode-math\unicode-mat
h-xetex.sty
.................................................
. LaTeX info: "xparse/define-command"
. 
. Defining command \setmathfont with sig. 'O{}m' on line 384.
.................................................
.................................................
. LaTeX info: "xparse/define-command"
. 
. Defining command \addnolimits with sig. 'm' on line 627.
.................................................
.................................................
. LaTeX info: "xparse/define-command"
. 
. Defining command \removenolimits with sig. 'm' on line 631.
.................................................

(C:\Users\LDVSOFT\AppData\Roaming\MiKTeX\2.9\tex\latex\unicode-math\unicode-mat
h-table.tex)
\g_um_primekern_muskip=\muskip18
\l_um_primecount_int=\count167
.................................................
. unicode-math info: "patch-macro"
. 
. I'm going to patch macro \subarray.
.................................................
.................................................
. unicode-math info: "patch-macro"
. 
. I'm going to patch macro \r@@t.
.................................................
))
(C:\Users\LDVSOFT\AppData\Roaming\MiKTeX\2.9\tex\latex\polyglossia\gloss-russia
n.ldf
File: gloss-russian.ldf polyglossia: module for russian

(C:\Users\LDVSOFT\AppData\Roaming\MiKTeX\2.9\tex\latex\polyglossia\babelsh.def
File: babelsh.def 2013/04/30 Babel common definitions for shorthands
 Taken verbatim from babel.def (2013/04/15 v3.9e)
)
Package polyglossia Info: Making " an active character on input line 41.
)
Package polyglossia Info: Default language is russian.

(C:\Users\LDVSOFT\AppData\Roaming\MiKTeX\2.9\tex\latex\polyglossia\gloss-englis
h.ldf
File: gloss-english.ldf polyglossia: module for english
)
\g__file_internal_ior=\read3
\g__fontspec_family_CMUSerif_int=\count168
.................................................
. fontspec info: "defining-font"
. 
. Font family 'CMUSerif(0)' created for font 'CMU Serif' with options
. [Ligatures={TeX},Ligatures=TeX].
. 
. This font family consists of the following shapes:
. 
. * 'normal' with NFSS spec.:
. <->"CMU
. Serif/OT:script=latn;language=DFLT;mapping=tex-text;mapping=tex-text;"
. 
. * 'small caps' with NFSS spec.:
. <->"CMU
. Serif/OT:script=latn;language=DFLT;mapping=tex-text;mapping=tex-text;+smcp;"
. and font adjustment code:
. 
. 
. * 'bold' with NFSS spec.:
. <->"CMU
. Serif/B/OT:script=latn;language=DFLT;mapping=tex-text;mapping=tex-text;"
. 
. * 'bold small caps' with NFSS spec.:
. <->"CMU
. Serif/B/OT:script=latn;language=DFLT;mapping=tex-text;mapping=tex-text;+smcp;
"
. and font adjustment code:
. 
. 
. * 'italic' with NFSS spec.:
. <->"CMU
. Serif/I/OT:script=latn;language=DFLT;mapping=tex-text;mapping=tex-text;"
. 
. * 'small caps' with NFSS spec.:
. 
. and font adjustment code:
. 
. 
. * 'bold italic' with NFSS spec.:
. <->"CMU
. Serif/BI/OT:script=latn;language=DFLT;mapping=tex-text;mapping=tex-text;"
. 
. * 'bold small caps' with NFSS spec.:
. 
. and font adjustment code:
. 
.................................................
\g__fontspec_family_CMUSansSerif_int=\count169
.................................................
. fontspec info: "defining-font"
. 
. Font family 'CMUSansSerif(0)' created for font 'CMU Sans Serif' with options
. [Ligatures={TeX},Ligatures=TeX].
. 
. This font family consists of the following shapes:
. 
. * 'normal' with NFSS spec.:
. <->"CMU Sans
. Serif/OT:script=latn;language=DFLT;mapping=tex-text;mapping=tex-text;"
. 
. * 'small caps' with NFSS spec.:
. 
. and font adjustment code:
. 
. 
. * 'bold' with NFSS spec.:
. <->"CMU Sans
. Serif/B/OT:script=latn;language=DFLT;mapping=tex-text;mapping=tex-text;"
. 
. * 'bold small caps' with NFSS spec.:
. 
. and font adjustment code:
. 
. 
. * 'italic' with NFSS spec.:
. <->"CMU Sans
. Serif/I/OT:script=latn;language=DFLT;mapping=tex-text;mapping=tex-text;"
. 
. * 'small caps' with NFSS spec.:
. 
. and font adjustment code:
. 
. 
. * 'bold italic' with NFSS spec.:
. <->"CMU Sans
. Serif/BI/OT:script=latn;language=DFLT;mapping=tex-text;mapping=tex-text;"
. 
. * 'bold small caps' with NFSS spec.:
. 
. and font adjustment code:
. 
.................................................
\g__fontspec_family_CMUTypewriterText_int=\count170
.................................................
. fontspec info: "defining-font"
. 
. Font family 'CMUTypewriterText(0)' created for font 'CMU Typewriter Text'
. with options [Ligatures={TeX},WordSpace={1,0,0},PunctuationSpace=WordSpace].
. 
. This font family consists of the following shapes:
. 
. * 'normal' with NFSS spec.:
. <->"CMU Typewriter Text/OT:script=latn;language=DFLT;mapping=tex-text;"
. 
. * 'small caps' with NFSS spec.:
. 
. and font adjustment code:
. \fontdimen 2\font =1\fontdimen 2\font \fontdimen 3\font =0\fontdimen 3\font
. \fontdimen 4\font =0\fontdimen 4\font \fontdimen 7\font =0\fontdimen 2\font 
. 
. * 'bold' with NFSS spec.:
. <->"CMU Typewriter Text/B/OT:script=latn;language=DFLT;mapping=tex-text;"
. 
. * 'bold small caps' with NFSS spec.:
. 
. and font adjustment code:
. \fontdimen 2\font =1\fontdimen 2\font \fontdimen 3\font =0\fontdimen 3\font
. \fontdimen 4\font =0\fontdimen 4\font \fontdimen 7\font =0\fontdimen 2\font 
. 
. * 'italic' with NFSS spec.:
. <->"CMU Typewriter Text/I/OT:script=latn;language=DFLT;mapping=tex-text;"
. 
. * 'small caps' with NFSS spec.:
. 
. and font adjustment code:
. \fontdimen 2\font =1\fontdimen 2\font \fontdimen 3\font =0\fontdimen 3\font
. \fontdimen 4\font =0\fontdimen 4\font \fontdimen 7\font =0\fontdimen 2\font 
. 
. * 'bold italic' with NFSS spec.:
. <->"CMU Typewriter Text/BI/OT:script=latn;language=DFLT;mapping=tex-text;"
. 
. * 'bold small caps' with NFSS spec.:
. 
. and font adjustment code:
. \fontdimen 2\font =1\fontdimen 2\font \fontdimen 3\font =0\fontdimen 3\font
. \fontdimen 4\font =0\fontdimen 4\font \fontdimen 7\font =0\fontdimen 2\font 
.................................................
\g__fontspec_family_LatinModernMath_int=\count171
.................................................
. fontspec info: "no-font-shape"
. 
. Could not resolve font Latin Modern Math/B (it probably doesn't exist).
.................................................
.................................................
. fontspec info: "defining-font"
. 
. Font family 'LatinModernMath(0)' created for font 'Latin Modern Math' with
. options
. [Ligatures={TeX},BoldItalicFont={},ItalicFont={},Script=Math,SizeFeatures={{S
ize=10-},{Size=7-10,Font=Latin
. Modern Math,Style=MathScript},{Size=-7,Font=Latin Modern
. Math,Style=MathScriptScript}}].
. 
. This font family consists of the following shapes:
. 
. * 'normal' with NFSS spec.:
. <10->"Latin Modern
. Math/OT:script=math;language=DFLT;mapping=tex-text;"<7-10>"Latin Modern
. Math/OT:script=math;language=DFLT;mapping=tex-text;+ssty=0;"<-7>"Latin
. Modern Math/OT:script=math;language=DFLT;mapping=tex-text;+ssty=1;"
. 
. * 'small caps' with NFSS spec.:
. 
. and font adjustment code:
. 
.................................................
LaTeX Font Info:    Encoding `OT1' has changed to `EU1' for symbol font
(Font)              `operators' in the math version `normal' on input line 28.
LaTeX Font Info:    Overwriting symbol font `operators' in version `normal'
(Font)                  OT1/cmr/m/n --> EU1/LatinModernMath(0)/m/n on input lin
e 28.
LaTeX Font Info:    Encoding `OT1' has changed to `EU1' for symbol font
(Font)              `operators' in the math version `bold' on input line 28.
LaTeX Font Info:    Overwriting symbol font `operators' in version `bold'
(Font)                  OT1/cmr/bx/n --> EU1/LatinModernMath(0)/bx/n on input l
ine 28.
.................................................
. fontspec info: "no-font-shape"
. 
. Could not resolve font Latin Modern Math/B (it probably doesn't exist).
.................................................
.................................................
. fontspec info: "defining-font"
. 
. Font family 'LatinModernMath(1)' created for font 'Latin Modern Math' with
. options
. [Ligatures={TeX},BoldItalicFont={},ItalicFont={},Script=Math,SizeFeatures={{S
ize=10-},{Size=7-10,Font=Latin
. Modern Math,Style=MathScript},{Size=-7,Font=Latin Modern
. Math,Style=MathScriptScript}},Scale=1.00001,FontAdjustment={\fontdimen
. 8\font =6.77pt\relax \relax \fontdimen 9\font =3.94pt\relax \relax
. \fontdimen 10\font =4.44pt\relax \relax \fontdimen 11\font =6.86pt\relax
. \relax \fontdimen 12\font =3.45pt\relax \relax \fontdimen 13\font
. =3.63pt\relax \relax \fontdimen 14\font =3.63pt\relax \relax \fontdimen
. 15\font =2.89pt\relax \relax \fontdimen 16\font =2.47pt\relax \relax
. \fontdimen 17\font =2.47pt\relax \relax \fontdimen 18\font =2.5pt\relax
. \relax \fontdimen 19\font =2.0pt\relax \relax \fontdimen 20\font =0pt\relax
. \fontdimen 21\font =0pt\relax \fontdimen 22\font =2.5pt\relax \relax }].
. 
. This font family consists of the following shapes:
. 
. * 'normal' with NFSS spec.:
. <10->s*[1.00001]"Latin Modern
. Math/OT:script=math;language=DFLT;mapping=tex-text;"<7-10>s*[1.00001]"Latin
. Modern
. Math/OT:script=math;language=DFLT;mapping=tex-text;+ssty=0;"<-7>s*[1.00001]"L
atin
. Modern Math/OT:script=math;language=DFLT;mapping=tex-text;+ssty=1;"
. 
. * 'small caps' with NFSS spec.:
. 
. and font adjustment code:
. \fontdimen 8\font =6.77pt\relax \relax \fontdimen 9\font =3.94pt\relax
. \relax \fontdimen 10\font =4.44pt\relax \relax \fontdimen 11\font
. =6.86pt\relax \relax \fontdimen 12\font =3.45pt\relax \relax \fontdimen
. 13\font =3.63pt\relax \relax \fontdimen 14\font =3.63pt\relax \relax
. \fontdimen 15\font =2.89pt\relax \relax \fontdimen 16\font =2.47pt\relax
. \relax \fontdimen 17\font =2.47pt\relax \relax \fontdimen 18\font
. =2.5pt\relax \relax \fontdimen 19\font =2.0pt\relax \relax \fontdimen
. 20\font =0pt\relax \fontdimen 21\font =0pt\relax \fontdimen 22\font
. =2.5pt\relax \relax 
.................................................
LaTeX Font Info:    Encoding `OMS' has changed to `EU1' for symbol font
(Font)              `symbols' in the math version `normal' on input line 28.
LaTeX Font Info:    Overwriting symbol font `symbols' in version `normal'
(Font)                  OMS/cmsy/m/n --> EU1/LatinModernMath(1)/m/n on input li
ne 28.
LaTeX Font Info:    Encoding `OMS' has changed to `EU1' for symbol font
(Font)              `symbols' in the math version `bold' on input line 28.
LaTeX Font Info:    Overwriting symbol font `symbols' in version `bold'
(Font)                  OMS/cmsy/b/n --> EU1/LatinModernMath(1)/bx/n on input l
ine 28.
.................................................
. fontspec info: "no-font-shape"
. 
. Could not resolve font Latin Modern Math/B (it probably doesn't exist).
.................................................
.................................................
. fontspec info: "defining-font"
. 
. Font family 'LatinModernMath(2)' created for font 'Latin Modern Math' with
. options
. [Ligatures={TeX},BoldItalicFont={},ItalicFont={},Script=Math,SizeFeatures={{S
ize=10-},{Size=7-10,Font=Latin
. Modern Math,Style=MathScript},{Size=-7,Font=Latin Modern
. Math,Style=MathScriptScript}},Scale=0.99999,FontAdjustment={\fontdimen
. 8\font =0.4pt\relax \relax \fontdimen 9\font =2.0pt\relax \relax \fontdimen
. 10\font =1.67pt\relax \relax \fontdimen 11\font =1.11pt\relax \relax
. \fontdimen 12\font =6.0pt\relax \relax \fontdimen 13\font =0pt\relax }].
. 
. This font family consists of the following shapes:
. 
. * 'normal' with NFSS spec.:
. <10->s*[0.99999]"Latin Modern
. Math/OT:script=math;language=DFLT;mapping=tex-text;"<7-10>s*[0.99999]"Latin
. Modern
. Math/OT:script=math;language=DFLT;mapping=tex-text;+ssty=0;"<-7>s*[0.99999]"L
atin
. Modern Math/OT:script=math;language=DFLT;mapping=tex-text;+ssty=1;"
. 
. * 'small caps' with NFSS spec.:
. 
. and font adjustment code:
. \fontdimen 8\font =0.4pt\relax \relax \fontdimen 9\font =2.0pt\relax \relax
. \fontdimen 10\font =1.67pt\relax \relax \fontdimen 11\font =1.11pt\relax
. \relax \fontdimen 12\font =6.0pt\relax \relax \fontdimen 13\font =0pt\relax 
.................................................
LaTeX Font Info:    Encoding `OMX' has changed to `EU1' for symbol font
(Font)              `largesymbols' in the math version `normal' on input line 2
8.
LaTeX Font Info:    Overwriting symbol font `largesymbols' in version `normal'
(Font)                  OMX/cmex/m/n --> EU1/LatinModernMath(2)/m/n on input li
ne 28.
LaTeX Font Info:    Encoding `OMX' has changed to `EU1' for symbol font
(Font)              `largesymbols' in the math version `bold' on input line 28.

LaTeX Font Info:    Overwriting symbol font `largesymbols' in version `bold'
(Font)                  OMX/cmex/m/n --> EU1/LatinModernMath(2)/bx/n on input l
ine 28.
\symcyrletters=\mathgroup6
\c@theorem=\count172
\c@conseq=\count173
 (D:\LDVSoft\SPbAU\MathAnalysis\theory\theory.aux
.................................................
. fontspec info: "defining-font"
. 
. Font family 'CMUSerif(1)' created for font 'CMU Serif' with options
. [Ligatures={TeX},Ligatures=TeX,Script=Cyrillic].
. 
. This font family consists of the following shapes:
. 
. * 'normal' with NFSS spec.:
. <->"CMU
. Serif/OT:script=cyrl;language=DFLT;mapping=tex-text;mapping=tex-text;"
. 
. * 'small caps' with NFSS spec.:
. <->"CMU
. Serif/OT:script=cyrl;language=DFLT;mapping=tex-text;mapping=tex-text;+smcp;"
. and font adjustment code:
. 
. 
. * 'bold' with NFSS spec.:
. <->"CMU
. Serif/B/OT:script=cyrl;language=DFLT;mapping=tex-text;mapping=tex-text;"
. 
. * 'bold small caps' with NFSS spec.:
. <->"CMU
. Serif/B/OT:script=cyrl;language=DFLT;mapping=tex-text;mapping=tex-text;+smcp;
"
. and font adjustment code:
. 
. 
. * 'italic' with NFSS spec.:
. <->"CMU
. Serif/I/OT:script=cyrl;language=DFLT;mapping=tex-text;mapping=tex-text;"
. 
. * 'small caps' with NFSS spec.:
. 
. and font adjustment code:
. 
. 
. * 'bold italic' with NFSS spec.:
. <->"CMU
. Serif/BI/OT:script=cyrl;language=DFLT;mapping=tex-text;mapping=tex-text;"
. 
. * 'bold small caps' with NFSS spec.:
. 
. and font adjustment code:
. 
.................................................
)
LaTeX Font Info:    Checking defaults for OML/cmm/m/it on input line 143.
LaTeX Font Info:    ... okay on input line 143.
LaTeX Font Info:    Checking defaults for T1/cmr/m/n on input line 143.
LaTeX Font Info:    ... okay on input line 143.
LaTeX Font Info:    Checking defaults for OT1/cmr/m/n on input line 143.
LaTeX Font Info:    ... okay on input line 143.
LaTeX Font Info:    Checking defaults for OMS/cmsy/m/n on input line 143.
LaTeX Font Info:    ... okay on input line 143.
LaTeX Font Info:    Checking defaults for OMX/cmex/m/n on input line 143.
LaTeX Font Info:    ... okay on input line 143.
LaTeX Font Info:    Checking defaults for U/cmr/m/n on input line 143.
LaTeX Font Info:    ... okay on input line 143.
LaTeX Font Info:    Checking defaults for EU1/lmr/m/n on input line 143.
LaTeX Font Info:    ... okay on input line 143.
LaTeX Font Info:    Checking defaults for T3/cmr/m/n on input line 143.
LaTeX Font Info:    Try loading font information for T3+cmr on input line 143.

("C:\Program Files\MiKTeX 2.9\tex\latex\tipa\t3cmr.fd"
File: t3cmr.fd 2001/12/31 TIPA font definitions
)
LaTeX Font Info:    ... okay on input line 143.
LaTeX Font Info:    Checking defaults for PD1/pdf/m/n on input line 143.
LaTeX Font Info:    ... okay on input line 143.
LaTeX Font Info:    Checking defaults for PU/pdf/m/n on input line 143.
LaTeX Font Info:    ... okay on input line 143.
LaTeX Font Info:    Checking defaults for TS1/cmr/m/n on input line 143.
LaTeX Font Info:    ... okay on input line 143.
\AtBeginShipoutBox=\box52
Package hyperref Info: Link coloring OFF on input line 143.

("C:\Program Files\MiKTeX 2.9\tex\latex\hyperref\nameref.sty"
Package: nameref 2012/10/27 v2.43 Cross-referencing by name of section

("C:\Program Files\MiKTeX 2.9\tex\generic\oberdiek\gettitlestring.sty"
Package: gettitlestring 2010/12/03 v1.4 Cleanup title references (HO)
)
\c@section@level=\count174
)
LaTeX Info: Redefining \ref on input line 143.
LaTeX Info: Redefining \pageref on input line 143.
LaTeX Info: Redefining \nameref on input line 143.

(D:\LDVSoft\SPbAU\MathAnalysis\theory\theory.out)
(D:\LDVSoft\SPbAU\MathAnalysis\theory\theory.out)
\@outlinefile=\write6

(D:\LDVSoft\SPbAU\MathAnalysis\theory\theory-01.tex
Глава I.
LaTeX Font Info:    Font shape `EU1/LatinModernMath(1)/m/n' will be
(Font)              scaled to size 12.00018pt on input line 5.
LaTeX Font Info:    Font shape `EU1/LatinModernMath(1)/m/n' will be
(Font)              scaled to size 8.00012pt on input line 5.
LaTeX Font Info:    Font shape `EU1/LatinModernMath(1)/m/n' will be
(Font)              scaled to size 6.00009pt on input line 5.
LaTeX Font Info:    Font shape `EU1/LatinModernMath(2)/m/n' will be
(Font)              scaled to size 11.99982pt on input line 5.
LaTeX Font Info:    Font shape `EU1/LatinModernMath(2)/m/n' will be
(Font)              scaled to size 7.99988pt on input line 5.
LaTeX Font Info:    Font shape `EU1/LatinModernMath(2)/m/n' will be
(Font)              scaled to size 5.99991pt on input line 5.
LaTeX Font Info:    Try loading font information for U+msa on input line 5.
("C:\Program Files\MiKTeX 2.9\tex\latex\amsfonts\umsa.fd"
File: umsa.fd 2013/01/14 v3.01 AMS symbols A
)
LaTeX Font Info:    Try loading font information for U+msb on input line 5.

("C:\Program Files\MiKTeX 2.9\tex\latex\amsfonts\umsb.fd"
File: umsb.fd 2013/01/14 v3.01 AMS symbols B
) [1


]
Missing character: There is no ⧵ in font LatinModernMath-Regular/OT:script=math
;language=DFLT;mapping=tex-text;!
Missing character: There is no ⧵ in font LatinModernMath-Regular/OT:script=math
;language=DFLT;mapping=tex-text;!
Missing character: There is no ⧵ in font LatinModernMath-Regular/OT:script=math
;language=DFLT;mapping=tex-text;!
LaTeX Font Info:    Font shape `EU1/CMUSerif(1)/m/sl' in size <12> not availabl
e
(Font)              Font shape `EU1/CMUSerif(1)/m/it' tried instead on input li
ne 63.
 [2]
Missing character: There is no ⧵ in font LatinModernMath-Regular/OT:script=math
;language=DFLT;mapping=tex-text;!
Missing character: There is no ⧵ in font LatinModernMath-Regular/OT:script=math
;language=DFLT;mapping=tex-text;!
Missing character: There is no ⧵ in font LatinModernMath-Regular/OT:script=math
;language=DFLT;mapping=tex-text;!
Missing character: There is no ⧵ in font LatinModernMath-Regular/OT:script=math
;language=DFLT;mapping=tex-text;!
Missing character: There is no ⧵ in font LatinModernMath-Regular/OT:script=math
;language=DFLT;mapping=tex-text;!
Missing character: There is no ⧵ in font LatinModernMath-Regular/OT:script=math
;language=DFLT;mapping=tex-text;!
Missing character: There is no ⧵ in font LatinModernMath-Regular/OT:script=math
;language=DFLT;mapping=tex-text;!
Missing character: There is no ⧵ in font LatinModernMath-Regular/OT:script=math
;language=DFLT;mapping=tex-text;!
Missing character: There is no ⧵ in font LatinModernMath-Regular/OT:script=math
;language=DFLT;mapping=tex-text;!
Missing character: There is no ⧵ in font LatinModernMath-Regular/OT:script=math
;language=DFLT;mapping=tex-text;!
Missing character: There is no ⧵ in font LatinModernMath-Regular/OT:script=math
;language=DFLT;mapping=tex-text;!
Missing character: There is no ⧵ in font LatinModernMath-Regular/OT:script=math
;language=DFLT;mapping=tex-text;!
 [3] [4]
[5] [6] [7]
Missing character: There is no ⧵ in font LatinModernMath-Regular/OT:script=math
;language=DFLT;mapping=tex-text;!
 [8] [9]) (D:\LDVSoft\SPbAU\MathAnalysis\theory\theory-02.tex
[10]
Глава II.
[11

]
Overfull \hbox (22.99004pt too wide) detected at line 31
[][][][] [] [][][][][] [] [][][][] [] [] [][] [] [] [] [][]
 []


Overfull \hbox (23.36078pt too wide) detected at line 33
[][] [] [][][][][] [] [][][] [] [] [] [] [] [] [][] [] []
 []

[12] [13]
Overfull \hbox (16.30853pt too wide) detected at line 93
[] [] [][][][][] [] [][][][] [][] [] [][] [] [][][][] [][] [] [][][][] [][] [] 
[][] [] [][][][] [][] [] [][][][] [][] [] []
 []

) (D:\LDVSoft\SPbAU\MathAnalysis\theory\theory-03.tex
Overfull \hbox (4.36035pt too wide) in paragraph at lines 5--7
[]\EU1/CMUSerif(1)/bx/n/12 Теорема II.1.2. О свойствах закмнутых множеств. \EU1
/CMUSerif(1)/m/n/12 Пусть $[][][] [][]$
 []

[14]
Missing character: There is no ⧵ in font LatinModernMath-Regular/OT:script=math
;language=DFLT;mapping=tex-text;!
Missing character: There is no ⧵ in font LatinModernMath-Regular/OT:script=math
;language=DFLT;mapping=tex-text;!
Missing character: There is no ⧵ in font LatinModernMath-Regular/OT:script=math
;language=DFLT;mapping=tex-text;!
Missing character: There is no ⧵ in font LatinModernMath-Regular/OT:script=math
;language=DFLT;mapping=tex-text;!
 [15]
Missing character: There is no ⧵ in font LatinModernMath-Regular/OT:script=math
;language=DFLT;mapping=tex-text;!
Missing character: There is no ⧵ in font LatinModernMath-Regular/OT:script=math
;language=DFLT;mapping=tex-text;!
Missing character: There is no ⧵ in font LatinModernMath-Regular/OT:script=math
;language=DFLT;mapping=tex-text;!
Missing character: There is no ⧵ in font LatinModernMath-Regular/OT:script=math
;language=DFLT;mapping=tex-text;!
Missing character: There is no ⧵ in font LatinModernMath-Regular/OT:script=math
;language=DFLT;mapping=tex-text;!
Missing character: There is no ⧵ in font LatinModernMath-Regular/OT:script=math
;language=DFLT;mapping=tex-text;!
Missing character: There is no ⧵ in font LatinModernMath-Regular/OT:script=math
;language=DFLT;mapping=tex-text;!
Missing character: There is no ⧵ in font LatinModernMath-Regular/OT:script=math
;language=DFLT;mapping=tex-text;!
Missing character: There is no ⧵ in font LatinModernMath-Regular/OT:script=math
;language=DFLT;mapping=tex-text;!
Missing character: There is no ⧵ in font LatinModernMath-Regular/OT:script=math
;language=DFLT;mapping=tex-text;!
Missing character: There is no ⧵ in font LatinModernMath-Regular/OT:script=math
;language=DFLT;mapping=tex-text;+ssty=0;!
Missing character: There is no ⧵ in font LatinModernMath-Regular/OT:script=math
;language=DFLT;mapping=tex-text;!
Missing character: There is no ⧵ in font LatinModernMath-Regular/OT:script=math
;language=DFLT;mapping=tex-text;!
Missing character: There is no ⧵ in font LatinModernMath-Regular/OT:script=math
;language=DFLT;mapping=tex-text;!
Missing character: There is no ⧵ in font LatinModernMath-Regular/OT:script=math
;language=DFLT;mapping=tex-text;!
 [16]
Missing character: There is no ⧵ in font LatinModernMath-Regular/OT:script=math
;language=DFLT;mapping=tex-text;!
Missing character: There is no ⧵ in font LatinModernMath-Regular/OT:script=math
;language=DFLT;mapping=tex-text;!
Missing character: There is no ⧵ in font LatinModernMath-Regular/OT:script=math
;language=DFLT;mapping=tex-text;!
Missing character: There is no ⧵ in font LatinModernMath-Regular/OT:script=math
;language=DFLT;mapping=tex-text;!
Missing character: There is no ⧵ in font LatinModernMath-Regular/OT:script=math
;language=DFLT;mapping=tex-text;!
 [17]
Missing character: There is no ⧵ in font LatinModernMath-Regular/OT:script=math
;language=DFLT;mapping=tex-text;!
Missing character: There is no ⧵ in font LatinModernMath-Regular/OT:script=math
;language=DFLT;mapping=tex-text;!
 [18] [19]
Overfull \hbox (180.78381pt too wide) in paragraph at lines 182--183
[]$[][] [] [][] [][] [] [][][][]$ 
 []

[20] [21]
Underfull \hbox (badness 10000) in paragraph at lines 270--276

 []

[22]) (D:\LDVSoft\SPbAU\MathAnalysis\theory\theory-04.tex [23] [24]
Missing character: There is no ⫹ in font LatinModernMath-Regular/OT:script=math
;language=DFLT;mapping=tex-text;!
 [25]
Overfull \hbox (54.29655pt too wide) detected at line 102
[][] [] []  [] [] [][][] [] [][] [] [][] [] [][][] [] [][][] [] [][][] [] [][][
] [] [][][] [] [] [] [] [] [][]
 []


Overfull \hbox (321.8649pt too wide) detected at line 105
[][][][][] [] [][][][][] [] [][][][][] [] [][][][] [] [][][][] [] [][][][][] []
 [][][][][] [] [][][][][] [] [][][][][] [] [][][][][] [] [][][][][][][] [] [][]
[] [] [][][] [] [][][][][][][] [] [][][][] [] [][][] [] [][][] [] [][][][][][][
]
 []


Overfull \hbox (5.96988pt too wide) detected at line 112
[] [] [] [] [][][] [] [][][] [] [] [] [][][][] [] [][][][] [] [] [] [][][][] []
 [][][][]
 []

[26]) (D:\LDVSoft\SPbAU\MathAnalysis\theory\theory-05.tex [27]

Package amsmath Warning: Foreign command \over;
(amsmath)                \frac or \genfrac should be used instead
(amsmath)                 on input line 42.

[28]
Overfull \hbox (60.63681pt too wide) detected at line 73
[][] [] [] [] [][] [] [] [][] [] [] [][] [] [] [][][][] [] [] [] [][] [] [] [][
] [] [] [][] [] [] [][][] [] [] [] [] [] []
 []

[29]
Overfull \hbox (4.26115pt too wide) in paragraph at lines 104--107
$[]$ \EU1/CMUSerif(1)/m/n/12 Множество $[]$ имеет покрытие множествами $[][]$, 
если $[] [] [][] [][]$.
 []


Underfull \hbox (badness 10000) in paragraph at lines 104--107

 []


Overfull \hbox (12.12187pt too wide) in paragraph at lines 115--117
[]\EU1/CMUSerif(1)/bx/n/12 Теорема II.6.1. компактность и подпространства. \EU1
/CMUSerif(1)/m/n/12 Пусть $[][][] [][]$ —
 []

[30]
Missing character: There is no ⧵ in font LatinModernMath-Regular/OT:script=math
;language=DFLT;mapping=tex-text;!
 [31]) (D:\LDVSoft\SPbAU\MathAnalysis\theory\theory-06.tex [32] [33]
[34]) (D:\LDVSoft\SPbAU\MathAnalysis\theory\theory-07.tex
Overfull \hbox (7.96863pt too wide) detected at line 10
[][][] [] [] [] [][][][] [][] [] [] [][] [] [][][][][][][] [][] [] [][][][][] [
][] [] [][][][][] [][][] [] [][]
 []


Overfull \hbox (11.42726pt too wide) in paragraph at lines 24--26
[]$[][]$ \EU1/CMUSerif(1)/m/n/12 — фундаментальная последовательность в $[][]$.
 $[][] [] [][][][] [][][] [][]$ —
 []

[35] [36] [37] [38])
runsystem(del "theory.out.pyg")...executed.

Package atveryend Info: Empty hook `BeforeClearDocument' on input line 151.
 [39]
Package atveryend Info: Empty hook `AfterLastShipout' on input line 151.
 (D:\LDVSoft\SPbAU\MathAnalysis\theory\theory.aux)
Package atveryend Info: Empty hook `AtVeryEndDocument' on input line 151.
Package atveryend Info: Empty hook `AtEndAfterFileList' on input line 151.
 ) 
Here is how much of TeX's memory you used:
 28246 strings out of 429025
 495582 string characters out of 3167801
 635372 words of memory out of 3000000
 31226 multiletter control sequences out of 15000+200000
 7719 words of font info for 79 fonts, out of 3000000 for 9000
 912 hyphenation exceptions out of 8191
 53i,14n,61p,10481b,587s stack positions out of 5000i,500n,10000p,200000b,50000s

Output written on theory.pdf (39 pages).
